统一推理汇总报告
运行时间: 2026-07-05 15:30:20
任务: gland, nodule, binary, tirads
总计: 18  成功: 17  失败: 1  跳过: 0
======================================================================
运行状态
----------------------------------------------------------------------
  任务         模型                        状态                         耗时
----------------------------------------------------------------------
  gland      dinov3_unet               OK                       7.0s
  gland      medsam2                   OK                       6.1s
  gland      medsegx                   OK                       6.8s
  gland      transunet                 OK                      10.3s
  gland      ultrafedfm                OK                     101.5s
  nodule     dinov3_unet               OK                       8.1s
  nodule     medsam2                   OK                       8.8s
  nodule     medsegx                   OK                       7.5s
  nodule     transunet                 OK                       8.9s
  nodule     ultrafedfm                OK                     227.7s
  binary     biomedclip                OK                      19.8s
  binary     medsiglip                 OK                      59.5s
  binary     ultrafedfm                OK                      22.7s
  binary     dinov3_unet_multitask     OK                      16.7s
  tirads     biomedclip                OK                      19.2s
  tirads     medsiglip                 OK                      78.3s
  tirads     ultrafedfm                FAIL (rc=1)             16.2s
  tirads     dinov3_unet_multitask     OK                      17.4s

======================================================================
性能指标 (mean + 95% CI)
======================================================================

[gland] 腺体分割
----------------------------------------------------------------------
  模型                                          Dice                   HD95
----------------------------------------------------------------------
  dinov3_unet               0.2301 [0.0562,0.4478] 71.1851 [29.8942,113.4734]
  medsegx                   0.0286 [0.0031,0.0655] 206.4146 [81.4021,338.2050]
  transunet                 0.2468 [0.1043,0.4253] 287.9772 [207.1589,356.9243]
  ultrafedfm                0.2518 [0.0946,0.4554] 201.9876 [138.1862,265.1237]

[nodule] 结节分割
----------------------------------------------------------------------
  模型                                          Dice                   HD95
----------------------------------------------------------------------
  dinov3_unet               0.9424 [0.9183,0.9608] 2.2902 [1.0812,3.8401]
  medsegx                   0.7895 [0.5960,0.9220] 52.6563 [10.0245,123.5056]
  transunet                 0.9223 [0.8769,0.9582] 7.7027 [2.6000,14.3817]
  ultrafedfm                0.9377 [0.9145,0.9584] 8.0099 [1.3097,17.3099]
