统一推理汇总报告
运行时间: 2026-07-07 23:51:36
任务: nodule
总计: 5  成功: 5  失败: 0  跳过: 0
======================================================================
运行状态
----------------------------------------------------------------------
  任务         模型                        状态                         耗时
----------------------------------------------------------------------
  nodule     dinov3_unet               OK                      81.2s
  nodule     medsam2                   OK                     367.2s
  nodule     medsegx                   OK                     638.5s
  nodule     transunet                 OK                     333.2s
  nodule     ultrafedfm                OK                     159.8s

======================================================================
性能指标 (mean + 95% CI)
======================================================================

[nodule] 结节分割
----------------------------------------------------------------------
  模型                                          Dice                   HD95
----------------------------------------------------------------------
  dinov3_unet               0.9145 [0.9131,0.9160] 1.8692 [1.8062,1.9376]
  medsam2                   0.9072 [0.9051,0.9093] 2.9244 [2.7639,3.0981]
  medsegx                   0.7918 [0.7870,0.7964] 11.4426 [11.0344,11.8965]
  transunet                 0.7796 [0.7743,0.7844] 8.5786 [8.2623,8.9045]
  ultrafedfm                0.8312 [0.8276,0.8345] 8.8857 [8.5586,9.2330]
